<?xml version="1.0" encoding="UTF-8"?>
<testng-results ignored="0" total="1" passed="1" failed="0" skipped="0">
  <reporter-output>
    <line>
      <![CDATA[Open Amazon]]>
    </line>
  </reporter-output>
  <suite started-at="2023-08-25T22:06:11 IST" name="Default suite" finished-at="2023-08-25T22:06:16 IST" duration-ms="4248">
    <groups>
    </groups>
    <test started-at="2023-08-25T22:06:11 IST" name="Default test" finished-at="2023-08-25T22:06:16 IST" duration-ms="4248">
      <class name="E_CommerceWebSites.Sample_1">
        <test-method signature="openAmazon()[pri:0, instance:E_CommerceWebSites.Sample_1@37d4349f]" started-at="2023-08-25T22:06:11 IST" name="openAmazon" finished-at="2023-08-25T22:06:16 IST" duration-ms="4208" status="PASS">
          <reporter-output>
            <line>
              <![CDATA[Open Amazon]]>
            </line>
          </reporter-output>
        </test-method> <!-- openAmazon -->
      </class> <!-- E_CommerceWebSites.Sample_1 -->
    </test> <!-- Default test -->
  </suite> <!-- Default suite -->
</testng-results>
